%!Adobe-FontList 1.22
%Locale:0x409

%BeginFont
Handler:DirectoryHandler
FontType:Type1
FontName:MinionPro-Regular
FamilyName:Minion Pro
StyleName:Regular
FullName:Minion Pro
MenuName:Minion Pro
StyleBits:0
WritingScript:Roman
OutlineFileName:C:\Users\Hamza Khalid\Downloads\ORBIS_Leadership-Assessment_FINAL Folder\ORBIS_Leadership-Assessment_FINAL Folder\Document fonts\MinionPro-Regular.otf
DataFormat:sfntData
UsesStandardEncoding:yes
isCFF:yes
hasSVG:no
VariableFontType:NonVariableFont
FileLength:218640
FileModTime:1657122187
WeightClass:400
WidthClass:5
AngleClass:0
DesignSize:110
NameArray:0,Mac,4,Minion Pro
NameArray:0,Win,1,Minion Pro
%EndFont

%BeginFont
Handler:DirectoryHandler
FontType:Type1
FontName:Montserrat-Bold
FamilyName:Montserrat
StyleName:Bold
FullName:Montserrat Bold
MenuName:Montserrat
StyleBits:2
WritingScript:Roman
OutlineFileName:C:\Users\Hamza Khalid\Downloads\ORBIS_Leadership-Assessment_FINAL Folder\ORBIS_Leadership-Assessment_FINAL Folder\Document fonts\Montserrat-Bold.otf
DataFormat:sfntData
UsesStandardEncoding:yes
isCFF:yes
hasSVG:no
VariableFontType:NonVariableFont
FileLength:235192
FileModTime:1606225094
WeightClass:700
WidthClass:5
AngleClass:0
NameArray:0,Mac,4,Montserrat Bold
NameArray:0,Win,1,Montserrat
%EndFont

%BeginFont
Handler:DirectoryHandler
FontType:Type1
FontName:Montserrat-Italic
FamilyName:Montserrat
StyleName:Italic
FullName:Montserrat Italic
MenuName:Montserrat
StyleBits:1
WritingScript:Roman
OutlineFileName:C:\Users\Hamza Khalid\Downloads\ORBIS_Leadership-Assessment_FINAL Folder\ORBIS_Leadership-Assessment_FINAL Folder\Document fonts\Montserrat-Italic.otf
DataFormat:sfntData
UsesStandardEncoding:yes
isCFF:yes
hasSVG:no
VariableFontType:NonVariableFont
FileLength:237828
FileModTime:1606225094
WeightClass:400
WidthClass:5
AngleClass:1
NameArray:0,Mac,4,Montserrat Italic
NameArray:0,Win,1,Montserrat
%EndFont

%BeginFont
Handler:DirectoryHandler
FontType:Type1
FontName:Montserrat-Medium
FamilyName:Montserrat
StyleName:Medium
FullName:Montserrat Medium
MenuName:Montserrat Medium
StyleBits:0
WritingScript:Roman
OutlineFileName:C:\Users\Hamza Khalid\Downloads\ORBIS_Leadership-Assessment_FINAL Folder\ORBIS_Leadership-Assessment_FINAL Folder\Document fonts\Montserrat-Medium.otf
DataFormat:sfntData
UsesStandardEncoding:yes
isCFF:yes
hasSVG:no
VariableFontType:NonVariableFont
FileLength:230356
FileModTime:1606225094
WeightClass:500
WidthClass:5
AngleClass:0
NameArray:0,Mac,4,Montserrat Medium
NameArray:0,Win,1,Montserrat Medium
NameArray:0,Win,16,Montserrat
%EndFont

%BeginFont
Handler:DirectoryHandler
FontType:Type1
FontName:Montserrat-MediumItalic
FamilyName:Montserrat
StyleName:Medium Italic
FullName:Montserrat Medium Italic
MenuName:Montserrat Medium
StyleBits:1
WritingScript:Roman
OutlineFileName:C:\Users\Hamza Khalid\Downloads\ORBIS_Leadership-Assessment_FINAL Folder\ORBIS_Leadership-Assessment_FINAL Folder\Document fonts\Montserrat-MediumItalic.otf
DataFormat:sfntData
UsesStandardEncoding:yes
isCFF:yes
hasSVG:no
VariableFontType:NonVariableFont
FileLength:239660
FileModTime:1606225094
WeightClass:500
WidthClass:5
AngleClass:1
NameArray:0,Mac,4,Montserrat Medium Italic
NameArray:0,Win,1,Montserrat Medium
NameArray:0,Win,16,Montserrat
%EndFont

%BeginFont
Handler:DirectoryHandler
FontType:Type1
FontName:Montserrat-SemiBold
FamilyName:Montserrat
StyleName:SemiBold
FullName:Montserrat SemiBold
MenuName:Montserrat SemiBold
StyleBits:0
WritingScript:Roman
OutlineFileName:C:\Users\Hamza Khalid\Downloads\ORBIS_Leadership-Assessment_FINAL Folder\ORBIS_Leadership-Assessment_FINAL Folder\Document fonts\Montserrat-SemiBold.otf
DataFormat:sfntData
UsesStandardEncoding:yes
isCFF:yes
hasSVG:no
VariableFontType:NonVariableFont
FileLength:234056
FileModTime:1606225094
WeightClass:600
WidthClass:5
AngleClass:0
NameArray:0,Mac,4,Montserrat SemiBold
NameArray:0,Win,1,Montserrat SemiBold
NameArray:0,Win,16,Montserrat
%EndFont

%BeginFont
Handler:DirectoryHandler
FontType:Type1
FontName:Montserrat-SemiBoldItalic
FamilyName:Montserrat
StyleName:SemiBold Italic
FullName:Montserrat SemiBold Italic
MenuName:Montserrat SemiBold
StyleBits:1
WritingScript:Roman
OutlineFileName:C:\Users\Hamza Khalid\Downloads\ORBIS_Leadership-Assessment_FINAL Folder\ORBIS_Leadership-Assessment_FINAL Folder\Document fonts\Montserrat-SemiBoldItalic.otf
DataFormat:sfntData
UsesStandardEncoding:yes
isCFF:yes
hasSVG:no
VariableFontType:NonVariableFont
FileLength:242672
FileModTime:1606225094
WeightClass:600
WidthClass:5
AngleClass:1
NameArray:0,Mac,4,Montserrat SemiBold Italic
NameArray:0,Win,1,Montserrat SemiBold
NameArray:0,Win,16,Montserrat
%EndFont

%BeginFont
Handler:DirectoryHandler
FontType:Type1
FontName:MontserratAlternates-SemiBoldItalic
FamilyName:Montserrat Alternates
StyleName:SemiBold Italic
FullName:Montserrat Alternates SemiBold Italic
MenuName:Montserrat Alternates SemiBold
StyleBits:1
WritingScript:Roman
OutlineFileName:C:\Users\Hamza Khalid\Downloads\ORBIS_Leadership-Assessment_FINAL Folder\ORBIS_Leadership-Assessment_FINAL Folder\Document fonts\MontserratAlternates-SemiBoldItalic.otf
DataFormat:sfntData
UsesStandardEncoding:yes
isCFF:yes
hasSVG:no
VariableFontType:NonVariableFont
FileLength:190496
FileModTime:1606225094
WeightClass:600
WidthClass:5
AngleClass:1
NameArray:0,Mac,18,Montserrat Alternates SmBold It
NameArray:0,Mac,4,Montserrat Alternates SemiBold Italic
NameArray:0,Win,1,Montserrat Alternates SemiBold
NameArray:0,Win,16,Montserrat Alternates
%EndFont

%BeginFont
Handler:DirectoryHandler
FontType:TrueType
FontName:Helvetica
FamilyName:Swiss 721 SWA
StyleName:Roman
FullName:Swiss 721 SWA
MenuName:Swiss 721 SWA
StyleBits:0
WritingScript:Roman
OutlineFileName:C:\Users\Hamza Khalid\Downloads\ORBIS_Leadership-Assessment_FINAL Folder\ORBIS_Leadership-Assessment_FINAL Folder\Document fonts\Swiss 721 SWA.ttf
DataFormat:sfntData
hasSVG:no
VariableFontType:NonVariableFont
FileLength:54241
FileModTime:1657109389
WeightClass:400
WidthClass:5
AngleClass:0
NameArray:0,Mac,4,Swiss 721 SWA
NameArray:0,Win,1,Swiss 721 SWA
%EndFont

